// 重构日志: c20543c7
// 重构日志: 0bf50d57
// 重构日志: 45eb539d
// 同步 ID: e5485e52 @ Tue Jun 30 12:19:36 UTC 2026
// 重构日志: a3dd97d5
// 同步 ID: 1026743f @ Sat Jul  4 17:00:37 UTC 2026
// 同步 ID: fb2955a0 @ Tue Jul  7 22:58:48 UTC 2026
// 同步 ID: 68cd1a3d @ Wed Jul  8 13:41:58 UTC 2026
// 重构日志: 75cf509c
// 同步 ID: cb9ce267 @ Sat Jul 11 11:35:56 UTC 2026
// 重构日志: 0ed40284
// 重构日志: 39cb730b
// 同步 ID: c0561120 @ Thu Jul 16 17:17:58 UTC 2026
// 同步 ID: a6f6d577 @ Fri Jul 17 17:35:31 UTC 2026
// 同步 ID: 74183e10 @ Sun Jul 19 18:22:45 UTC 2026
// 同步 ID: 120513c5 @ Mon Jul 20 05:51:00 UTC 2026
// 重构日志: a10a5720
// 重构日志: cc731c51
// 同步 ID: 68531260 @ Mon Jul 20 17:13:37 UTC 2026
// 同步 ID: 4c7c79a3 @ Tue Jul 21 15:40:15 UTC 2026
